<?xml version="1.0" encoding="UTF-8"?>
<!-- Generated by org.testng.reporters.JUnitXMLReporter -->
<testsuite ignored="1" hostname="LAPTOP-UC17UNEQ" failures="0" tests="1" name="Default test" time="16.077" errors="0" timestamp="2022-10-05T21:53:46 IST">
  <testcase classname="org.selenium.MyFirstTestCase" name="guestCheckoutUsingDirectBankTransfer" time="9.362"/>
  <testcase classname="org.selenium.MyFirstTestCase" name="loginAndGuestCheckoutUSingDirectBankTransfer" time="0.0">
    <ignored/>
  </testcase> <!-- loginAndGuestCheckoutUSingDirectBankTransfer -->
</testsuite> <!-- Default test -->
