<?xml version="1.0" encoding="UTF-8"?>
<!-- Generated by org.testng.reporters.JUnitXMLReporter -->
<testsuite ignored="1" hostname="LAPTOP-UC17UNEQ" failures="0" tests="1" name="Default test" time="15.681" errors="0" timestamp="2022-10-06T16:51:20 IST">
  <testcase classname="org.selenium.pom.tests.MyFirstTestCase" name="loginAndGuestCheckoutUSingDirectBankTransfer" time="13.592"/>
  <testcase classname="org.selenium.pom.tests.MyFirstTestCase" name="guestCheckoutUsingDirectBankTransfer" time="0.0">
    <ignored/>
  </testcase> <!-- guestCheckoutUsingDirectBankTransfer -->
</testsuite> <!-- Default test -->
