<?xml version="1.0" encoding="UTF-8"?>
<!-- Generated by org.testng.reporters.JUnitXMLReporter -->
<testsuite ignored="0" hostname="LAPTOP-UC17UNEQ" failures="2" tests="2" name="Firefox" time="16.69" errors="0" timestamp="2022-10-06T18:02:50 IST">
  <testcase classname="org.selenium.pom.tests.MyFirstTestCase" name="guestCheckoutUsingDirectBankTransfer" time="8.714">
    <failure type="org.openqa.selenium.NoSuchWindowException" message="Browsing context has been discarded
Build info: version: &amp;apos;4.4.0&amp;apos;, revision: &amp;apos;e5c75ed026a&amp;apos;
System info: host: &amp;apos;LAPTOP-UC17UNEQ&amp;apos;, ip: &amp;apos;192.168.1.100&amp;apos;, os.name: &amp;apos;Windows 10&amp;apos;, os.arch: &amp;apos;amd64&amp;apos;, os.version: &amp;apos;10.0&amp;apos;, java.version: &amp;apos;17.0.2&amp;apos;
Driver info: org.openqa.selenium.firefox.FirefoxDriver
Command: [d59da97f-192f-40ff-935f-c0d8db425aef, findElement {using=css selector, value=.has-text-align-center}]
Capabilities {acceptInsecureCerts: true, browserName: firefox, browserVersion: 105.0.2, moz:accessibilityChecks: false, moz:buildID: 20221003135607, moz:debuggerAddress: 127.0.0.1:61308, moz:geckodriverVersion: 0.31.0, moz:headless: false, moz:platformVersion: 10.0, moz:processID: 15556, moz:profile: C:\Users\KANIV2~1.0\AppData..., moz:shutdownTimeout: 60000, moz:useNonSpecCompliantPointerOrigin: false, moz:webdriverClick: true, moz:windowless: false, pageLoadStrategy: normal, platformName: WINDOWS, proxy: Proxy(), se:cdp: ws://127.0.0.1:61308/devtoo..., se:cdpVersion: 85.0, setWindowRect: true, strictFileInteractability: false, timeouts: {implicit: 0, pageLoad: 300000, script: 30000}, unhandledPromptBehavior: dismiss and notify}
Session ID: d59da97f-192f-40ff-935f-c0d8db425aef">
      <![CDATA[org.openqa.selenium.NoSuchWindowException: Browsing context has been discarded
Build info: version: '4.4.0', revision: 'e5c75ed026a'
System info: host: 'LAPTOP-UC17UNEQ', ip: '192.168.1.100', os.name: 'Windows 10', os.arch: 'amd64', os.version: '10.0', java.version: '17.0.2'
Driver info: org.openqa.selenium.firefox.FirefoxDriver
Command: [d59da97f-192f-40ff-935f-c0d8db425aef, findElement {using=css selector, value=.has-text-align-center}]
Capabilities {acceptInsecureCerts: true, browserName: firefox, browserVersion: 105.0.2, moz:accessibilityChecks: false, moz:buildID: 20221003135607, moz:debuggerAddress: 127.0.0.1:61308, moz:geckodriverVersion: 0.31.0, moz:headless: false, moz:platformVersion: 10.0, moz:processID: 15556, moz:profile: C:\Users\KANIV2~1.0\AppData..., moz:shutdownTimeout: 60000, moz:useNonSpecCompliantPointerOrigin: false, moz:webdriverClick: true, moz:windowless: false, pageLoadStrategy: normal, platformName: WINDOWS, proxy: Proxy(), se:cdp: ws://127.0.0.1:61308/devtoo..., se:cdpVersion: 85.0, setWindowRect: true, strictFileInteractability: false, timeouts: {implicit: 0, pageLoad: 300000, script: 30000}, unhandledPromptBehavior: dismiss and notify}
Session ID: d59da97f-192f-40ff-935f-c0d8db425aef
at org.openqa.selenium.remote.codec.w3c.W3CHttpResponseCodec.createException(W3CHttpResponseCodec.java:200)
at org.openqa.selenium.remote.codec.w3c.W3CHttpResponseCodec.decode(W3CHttpResponseCodec.java:133)
at org.openqa.selenium.remote.codec.w3c.W3CHttpResponseCodec.decode(W3CHttpResponseCodec.java:53)
at org.openqa.selenium.remote.HttpCommandExecutor.execute(HttpCommandExecutor.java:184)
at org.openqa.selenium.remote.service.DriverCommandExecutor.invokeExecute(DriverCommandExecutor.java:167)
at org.openqa.selenium.remote.service.DriverCommandExecutor.execute(DriverCommandExecutor.java:142)
at org.openqa.selenium.remote.RemoteWebDriver.execute(RemoteWebDriver.java:547)
at org.openqa.selenium.remote.ElementLocation$ElementFinder$2.findElement(ElementLocation.java:162)
at org.openqa.selenium.remote.ElementLocation.findElement(ElementLocation.java:60)
at org.openqa.selenium.remote.RemoteWebDriver.findElement(RemoteWebDriver.java:365)
at org.openqa.selenium.remote.RemoteWebDriver.findElement(RemoteWebDriver.java:357)
at org.openqa.selenium.support.pagefactory.DefaultElementLocator.findElement(DefaultElementLocator.java:70)
at org.openqa.selenium.support.pagefactory.internal.LocatingElementHandler.invoke(LocatingElementHandler.java:39)
at jdk.proxy2/jdk.proxy2.$Proxy16.toString(Unknown Source)
at java.base/java.util.Formatter$FormatSpecifier.printString(Formatter.java:3056)
at java.base/java.util.Formatter$FormatSpecifier.print(Formatter.java:2933)
at java.base/java.util.Formatter.format(Formatter.java:2689)
at java.base/java.util.Formatter.format(Formatter.java:2625)
at java.base/java.lang.String.format(String.java:4140)
at org.openqa.selenium.support.ui.ExpectedConditions$12.toString(ExpectedConditions.java:355)
at java.base/java.lang.String.valueOf(String.java:4215)
at java.base/java.lang.StringBuilder.append(StringBuilder.java:173)
at org.openqa.selenium.support.ui.FluentWait.until(FluentWait.java:229)
at org.selenium.pom.pages.CartPage.isLoaded(CartPage.java:26)
at org.selenium.pom.tests.MyFirstTestCase.guestCheckoutUsingDirectBankTransfer(MyFirstTestCase.java:31)
at java.base/java.util.ArrayList.forEach(ArrayList.java:1511)
... Removed 32 stack frames]]>
    </failure>
  </testcase> <!-- guestCheckoutUsingDirectBankTransfer -->
  <testcase classname="org.selenium.pom.tests.MyFirstTestCase" name="loginAndGuestCheckoutUSingDirectBankTransfer" time="0.704">
    <failure type="org.openqa.selenium.WebDriverException" message="TypeError: this.curBrowser.contentBrowser is null
Build info: version: &amp;apos;4.4.0&amp;apos;, revision: &amp;apos;e5c75ed026a&amp;apos;
System info: host: &amp;apos;LAPTOP-UC17UNEQ&amp;apos;, ip: &amp;apos;192.168.1.100&amp;apos;, os.name: &amp;apos;Windows 10&amp;apos;, os.arch: &amp;apos;amd64&amp;apos;, os.version: &amp;apos;10.0&amp;apos;, java.version: &amp;apos;17.0.2&amp;apos;
Driver info: org.openqa.selenium.firefox.FirefoxDriver
Command: [0af255fd-99a1-4c25-b2a8-4387a2704410, get {url=https://askomdch.com/}]
Capabilities {acceptInsecureCerts: true, browserName: firefox, browserVersion: 105.0.2, moz:accessibilityChecks: false, moz:buildID: 20221003135607, moz:debuggerAddress: 127.0.0.1:52745, moz:geckodriverVersion: 0.31.0, moz:headless: false, moz:platformVersion: 10.0, moz:processID: 17488, moz:profile: C:\Users\KANIV2~1.0\AppData..., moz:shutdownTimeout: 60000, moz:useNonSpecCompliantPointerOrigin: false, moz:webdriverClick: true, moz:windowless: false, pageLoadStrategy: normal, platformName: WINDOWS, proxy: Proxy(), se:cdp: ws://127.0.0.1:52745/devtoo..., se:cdpVersion: 85.0, setWindowRect: true, strictFileInteractability: false, timeouts: {implicit: 0, pageLoad: 300000, script: 30000}, unhandledPromptBehavior: dismiss and notify}
Session ID: 0af255fd-99a1-4c25-b2a8-4387a2704410">
      <![CDATA[org.openqa.selenium.WebDriverException: TypeError: this.curBrowser.contentBrowser is null
Build info: version: '4.4.0', revision: 'e5c75ed026a'
System info: host: 'LAPTOP-UC17UNEQ', ip: '192.168.1.100', os.name: 'Windows 10', os.arch: 'amd64', os.version: '10.0', java.version: '17.0.2'
Driver info: org.openqa.selenium.firefox.FirefoxDriver
Command: [0af255fd-99a1-4c25-b2a8-4387a2704410, get {url=https://askomdch.com/}]
Capabilities {acceptInsecureCerts: true, browserName: firefox, browserVersion: 105.0.2, moz:accessibilityChecks: false, moz:buildID: 20221003135607, moz:debuggerAddress: 127.0.0.1:52745, moz:geckodriverVersion: 0.31.0, moz:headless: false, moz:platformVersion: 10.0, moz:processID: 17488, moz:profile: C:\Users\KANIV2~1.0\AppData..., moz:shutdownTimeout: 60000, moz:useNonSpecCompliantPointerOrigin: false, moz:webdriverClick: true, moz:windowless: false, pageLoadStrategy: normal, platformName: WINDOWS, proxy: Proxy(), se:cdp: ws://127.0.0.1:52745/devtoo..., se:cdpVersion: 85.0, setWindowRect: true, strictFileInteractability: false, timeouts: {implicit: 0, pageLoad: 300000, script: 30000}, unhandledPromptBehavior: dismiss and notify}
Session ID: 0af255fd-99a1-4c25-b2a8-4387a2704410
at org.openqa.selenium.remote.codec.w3c.W3CHttpResponseCodec.createException(W3CHttpResponseCodec.java:200)
at org.openqa.selenium.remote.codec.w3c.W3CHttpResponseCodec.decode(W3CHttpResponseCodec.java:133)
at org.openqa.selenium.remote.codec.w3c.W3CHttpResponseCodec.decode(W3CHttpResponseCodec.java:53)
at org.openqa.selenium.remote.HttpCommandExecutor.execute(HttpCommandExecutor.java:184)
at org.openqa.selenium.remote.service.DriverCommandExecutor.invokeExecute(DriverCommandExecutor.java:167)
at org.openqa.selenium.remote.service.DriverCommandExecutor.execute(DriverCommandExecutor.java:142)
at org.openqa.selenium.remote.RemoteWebDriver.execute(RemoteWebDriver.java:547)
at org.openqa.selenium.remote.RemoteWebDriver.get(RemoteWebDriver.java:310)
at org.selenium.pom.base.BasePage.load(BasePage.java:23)
at org.selenium.pom.pages.HomePage.loadPage(HomePage.java:22)
at org.selenium.pom.tests.MyFirstTestCase.loginAndGuestCheckoutUSingDirectBankTransfer(MyFirstTestCase.java:53)
at java.base/java.util.ArrayList.forEach(ArrayList.java:1511)
... Removed 32 stack frames]]>
    </failure>
  </testcase> <!-- loginAndGuestCheckoutUSingDirectBankTransfer -->
</testsuite> <!-- Firefox -->
