<?xml version="1.0" encoding="UTF-8"?>
<!-- Generated by org.testng.reporters.JUnitXMLReporter -->
<testsuite ignored="0" hostname="LAPTOP-UC17UNEQ" failures="0" tests="2" name="Test" time="46.91" errors="0" timestamp="2022-10-06T17:36:49 IST">
  <testcase classname="org.selenium.pom.tests.MyFirstTestCase" name="guestCheckoutUsingDirectBankTransfer" time="22.414"/>
  <testcase classname="org.selenium.pom.tests.MyFirstTestCase" name="loginAndGuestCheckoutUSingDirectBankTransfer" time="17.437"/>
</testsuite> <!-- Test -->
