<?xml version="1.0" encoding="UTF-8"?>
<!-- Generated by org.testng.reporters.JUnitXMLReporter -->
<testsuite ignored="1" hostname="LAPTOP-UC17UNEQ" failures="0" tests="1" name="Chrome" time="10.937" errors="0" timestamp="2022-10-06T21:03:55 IST">
  <testcase classname="org.selenium.pom.tests.MyFirstTestCase" name="guestCheckoutUsingDirectBankTransfer" time="9.902"/>
  <testcase classname="org.selenium.pom.tests.MyFirstTestCase" name="loginAndGuestCheckoutUSingDirectBankTransfer" time="0.0">
    <ignored/>
  </testcase> <!-- loginAndGuestCheckoutUSingDirectBankTransfer -->
</testsuite> <!-- Chrome -->
