<?xml version="1.0" encoding="UTF-8"?>
<!-- Generated by org.testng.reporters.JUnitXMLReporter -->
<testsuite ignored="1" hostname="LAPTOP-UC17UNEQ" failures="0" tests="1" name="Firefox" time="14.459" errors="0" timestamp="2022-10-06T20:43:49 IST">
  <testcase classname="org.selenium.pom.tests.MyFirstTestCase" name="guestCheckoutUsingDirectBankTransfer" time="11.407"/>
  <testcase classname="org.selenium.pom.tests.MyFirstTestCase" name="loginAndGuestCheckoutUSingDirectBankTransfer" time="0.0">
    <ignored/>
  </testcase> <!-- loginAndGuestCheckoutUSingDirectBankTransfer -->
</testsuite> <!-- Firefox -->
