<?xml version="1.0" encoding="UTF-8"?>
<testng-results ignored="0" total="2" passed="2" failed="0" skipped="0">
  <reporter-output>
  </reporter-output>
  <suite started-at="2022-10-05T23:11:49 IST" name="Command line suite" finished-at="2022-10-05T23:12:13 IST" duration-ms="23702">
    <groups>
    </groups>
    <test started-at="2022-10-05T23:11:49 IST" name="Command line test" finished-at="2022-10-05T23:12:13 IST" duration-ms="23702">
      <class name="org.selenium.pom.tests.MyFirstTestCase">
        <test-method is-config="true" signature="startDriver()[pri:0, instance:org.selenium.pom.tests.MyFirstTestCase@16aa0a0a]" started-at="2022-10-05T23:11:49 IST" name="startDriver" finished-at="2022-10-05T23:11:52 IST" duration-ms="2317" status="PASS">
          <reporter-output>
          </reporter-output>
        </test-method> <!-- startDriver -->
        <test-method signature="guestCheckoutUsingDirectBankTransfer()[pri:0, instance:org.selenium.pom.tests.MyFirstTestCase@16aa0a0a]" started-at="2022-10-05T23:11:52 IST" name="guestCheckoutUsingDirectBankTransfer" finished-at="2022-10-05T23:12:01 IST" duration-ms="9304" status="PASS">
          <reporter-output>
          </reporter-output>
        </test-method> <!-- guestCheckoutUsingDirectBankTransfer -->
        <test-method is-config="true" signature="quitDriver()[pri:0, instance:org.selenium.pom.tests.MyFirstTestCase@16aa0a0a]" started-at="2022-10-05T23:12:01 IST" name="quitDriver" finished-at="2022-10-05T23:12:01 IST" duration-ms="160" status="PASS">
          <reporter-output>
          </reporter-output>
        </test-method> <!-- quitDriver -->
        <test-method is-config="true" signature="startDriver()[pri:0, instance:org.selenium.pom.tests.MyFirstTestCase@16aa0a0a]" started-at="2022-10-05T23:12:01 IST" name="startDriver" finished-at="2022-10-05T23:12:03 IST" duration-ms="1512" status="PASS">
          <reporter-output>
          </reporter-output>
        </test-method> <!-- startDriver -->
        <test-method signature="loginAndGuestCheckoutUSingDirectBankTransfer()[pri:0, instance:org.selenium.pom.tests.MyFirstTestCase@16aa0a0a]" started-at="2022-10-05T23:12:03 IST" name="loginAndGuestCheckoutUSingDirectBankTransfer" finished-at="2022-10-05T23:12:13 IST" duration-ms="10268" status="PASS">
          <reporter-output>
          </reporter-output>
        </test-method> <!-- loginAndGuestCheckoutUSingDirectBankTransfer -->
        <test-method is-config="true" signature="quitDriver()[pri:0, instance:org.selenium.pom.tests.MyFirstTestCase@16aa0a0a]" started-at="2022-10-05T23:12:13 IST" name="quitDriver" finished-at="2022-10-05T23:12:13 IST" duration-ms="116" status="PASS">
          <reporter-output>
          </reporter-output>
        </test-method> <!-- quitDriver -->
      </class> <!-- org.selenium.pom.tests.MyFirstTestCase -->
    </test> <!-- Command line test -->
  </suite> <!-- Command line suite -->
</testng-results>
