<?xml version="1.0" encoding="UTF-8"?>
<testng-results ignored="1" total="2" passed="1" failed="0" skipped="0">
  <reporter-output>
  </reporter-output>
  <suite started-at="2022-10-06T20:43:34 IST" name="Suite" finished-at="2022-10-06T20:43:49 IST" duration-ms="14459">
    <groups>
    </groups>
    <test started-at="2022-10-06T20:43:34 IST" name="Firefox" finished-at="2022-10-06T20:43:49 IST" duration-ms="14459">
      <class name="org.selenium.pom.tests.MyFirstTestCase">
        <test-method is-config="true" signature="startDriver(java.lang.String)[pri:0, instance:org.selenium.pom.tests.MyFirstTestCase@7193666c]" started-at="2022-10-06T20:43:34 IST" name="startDriver" finished-at="2022-10-06T20:43:37 IST" duration-ms="2443" status="PASS">
          <params>
            <param index="0">
              <value>
                <![CDATA[FIREFOX]]>
              </value>
            </param>
          </params>
          <reporter-output>
          </reporter-output>
        </test-method> <!-- startDriver -->
        <test-method signature="guestCheckoutUsingDirectBankTransfer()[pri:0, instance:org.selenium.pom.tests.MyFirstTestCase@7193666c]" started-at="2022-10-06T20:43:37 IST" name="guestCheckoutUsingDirectBankTransfer" finished-at="2022-10-06T20:43:48 IST" duration-ms="11407" status="PASS">
          <reporter-output>
          </reporter-output>
        </test-method> <!-- guestCheckoutUsingDirectBankTransfer -->
        <test-method is-config="true" signature="quitDriver()[pri:0, instance:org.selenium.pom.tests.MyFirstTestCase@7193666c]" started-at="2022-10-06T20:43:48 IST" name="quitDriver" finished-at="2022-10-06T20:43:49 IST" duration-ms="582" status="PASS">
          <reporter-output>
          </reporter-output>
        </test-method> <!-- quitDriver -->
      </class> <!-- org.selenium.pom.tests.MyFirstTestCase -->
    </test> <!-- Firefox -->
  </suite> <!-- Suite -->
</testng-results>
