<?xml version="1.0" encoding="UTF-8"?>
<testng-results ignored="1" total="2" passed="1" failed="0" skipped="0">
  <reporter-output>
  </reporter-output>
  <suite started-at="2022-10-05T21:53:30 IST" name="Default suite" finished-at="2022-10-05T21:53:46 IST" duration-ms="16077">
    <groups>
    </groups>
    <test started-at="2022-10-05T21:53:30 IST" name="Default test" finished-at="2022-10-05T21:53:46 IST" duration-ms="16077">
      <class name="org.selenium.MyFirstTestCase">
        <test-method is-config="true" signature="startDriver()[pri:0, instance:org.selenium.MyFirstTestCase@49139829]" started-at="2022-10-05T21:53:30 IST" name="startDriver" finished-at="2022-10-05T21:53:37 IST" duration-ms="6505" status="PASS">
          <reporter-output>
          </reporter-output>
        </test-method> <!-- startDriver -->
        <test-method signature="guestCheckoutUsingDirectBankTransfer()[pri:0, instance:org.selenium.MyFirstTestCase@49139829]" started-at="2022-10-05T21:53:37 IST" name="guestCheckoutUsingDirectBankTransfer" finished-at="2022-10-05T21:53:46 IST" duration-ms="9362" status="PASS">
          <reporter-output>
          </reporter-output>
        </test-method> <!-- guestCheckoutUsingDirectBankTransfer -->
        <test-method is-config="true" signature="quitDriver()[pri:0, instance:org.selenium.MyFirstTestCase@49139829]" started-at="2022-10-05T21:53:46 IST" name="quitDriver" finished-at="2022-10-05T21:53:46 IST" duration-ms="179" status="PASS">
          <reporter-output>
          </reporter-output>
        </test-method> <!-- quitDriver -->
      </class> <!-- org.selenium.MyFirstTestCase -->
    </test> <!-- Default test -->
  </suite> <!-- Default suite -->
</testng-results>
